<?xml version="1.0" encoding="UTF-8"?>
<!-- Generated by org.testng.reporters.JUnitReportReporter -->
<testsuite hostname="Udemes-MacBook-Pro.local" failures="0" tests="1" name="com.example.AppTest" time="0.001" errors="0" timestamp="2023-10-24T11:44:15 WAT" skipped="0">
  <testcase classname="com.example.AppTest" name="shouldAnswerWithTrue" time="0.001"/>
</testsuite> <!-- com.example.AppTest -->
